{"numTotalTestSuites":431,"numPassedTestSuites":431,"numFailedTestSuites":0,"numPendingTestSuites":0,"numTotalTests":1060,"numPassedTests":1060,"numFailedTests":0,"numPendingTests":0,"numTodoTests":0,"snapshot":{"added":0,"failure":false,"filesAdded":0,"filesRemoved":0,"filesRemovedList":[],"filesUnmatched":0,"filesUpdated":0,"matched":0,"total":0,"unchecked":0,"uncheckedKeysByFile":[],"unmatched":0,"updated":0,"didUpdate":false},"startTime":1784103808782,"success":true,"testResults":[{"assertionResults":[{"ancestorTitles":["App /login routing"],"fullName":"App /login routing renders LoginPage without AppShell and a single PwaUpdateBanner","status":"passed","title":"renders LoginPage without AppShell and a single PwaUpdateBanner","duration":33.81899999999996,"failureMessages":[],"meta":{},"tags":[]},{"ancestorTitles":["App /login routing"],"fullName":"App /login routing renders LoginPage session-restore UI when auth is not ready","status":"passed","title":"renders LoginPage session-restore UI when auth is not ready","duration":5.400667000000112,"failureMessages":[],"meta":{},"tags":[]},{"ancestorTitles":["App /login routing"],"fullName":"App /login routing renders AuthRoutingLoading for other routes when auth is not ready","status":"passed","title":"renders AuthRoutingLoading for other routes when auth is not ready","duration":1.6334159999998974,"failureMessages":[],"meta":{},"tags":[]},{"ancestorTitles":["App /login routing"],"fullName":"App /login routing renders AuthRoutingLoading for authenticated login while redirect is pending","status":"passed","title":"renders AuthRoutingLoading for authenticated login while redirect is pending","duration":2.3704170000000886,"failureMessages":[],"meta":{},"tags":[]}],"startTime":1784103820860,"endTime":1784103820903.3704,"status":"passed","message":"","name":"/Users/leobsn/Desktop/houston_project/apps/web/src/App.login.test.tsx"},{"assertionResults":[{"ancestorTitles":["withAuthRetry"],"fullName":"withAuthRetry returns the first result when status is not 401","status":"passed","title":"returns the first result when status is not 401","duration":2.8075000000000045,"failureMessages":[],"meta":{},"tags":[]},{"ancestorTitles":["withAuthRetry"],"fullName":"withAuthRetry refreshes and retries once after 401","status":"passed","title":"refreshes and retries once after 401","duration":0.7499169999999964,"failureMessages":[],"meta":{},"tags":[]},{"ancestorTitles":["withAuthRetry"],"fullName":"withAuthRetry clears auth when refresh fails after 401","status":"passed","title":"clears auth when refresh fails after 401","duration":0.43812500000001364,"failureMessages":[],"meta":{},"tags":[]},{"ancestorTitles":["withAuthRetry"],"fullName":"withAuthRetry clears auth when retry still returns 401","status":"passed","title":"clears auth when retry still returns 401","duration":0.39612499999999784,"failureMessages":[],"meta":{},"tags":[]}],"startTime":1784103820872,"endTime":1784103820876.4382,"status":"passed","message":"","name":"/Users/leobsn/Desktop/houston_project/apps/web/src/api/client.test.ts"},{"assertionResults":[{"ancestorTitles":["normalizeRoutePath"],"fullName":"normalizeRoutePath strips query strings before matching","status":"passed","title":"strips query strings before matching","duration":1.4678749999999923,"failureMessages":[],"meta":{},"tags":[]},{"ancestorTitles":["normalizeRoutePath"],"fullName":"normalizeRoutePath strips hash fragments before matching","status":"passed","title":"strips hash fragments before matching","duration":0.2395000000000067,"failureMessages":[],"meta":{},"tags":[]},{"ancestorTitles":["normalizeRoutePath"],"fullName":"normalizeRoutePath normalizes trailing slashes","status":"passed","title":"normalizes trailing slashes","duration":0.13504199999999855,"failureMessages":[],"meta":{},"tags":[]},{"ancestorTitles":["parseAppRoute"],"fullName":"parseAppRoute parses onboarding routes with query strings as /onboarding","status":"passed","title":"parses onboarding routes with query strings as /onboarding","duration":0.9012910000000005,"failureMessages":[],"meta":{},"tags":[]},{"ancestorTitles":["parseAppRoute"],"fullName":"parseAppRoute parses known static routes without query strings","status":"passed","title":"parses known static routes without query strings","duration":0.3734579999999994,"failureMessages":[],"meta":{},"tags":[]},{"ancestorTitles":["parseAppRoute"],"fullName":"parseAppRoute parses root path explicitly","status":"passed","title":"parses root path explicitly","duration":0.22604099999999505,"failureMessages":[],"meta":{},"tags":[]},{"ancestorTitles":["parseAppRoute"],"fullName":"parseAppRoute parses team route","status":"passed","title":"parses team route","duration":0.14637499999999193,"failureMessages":[],"meta":{},"tags":[]},{"ancestorTitles":["parseAppRoute"],"fullName":"parseAppRoute parses notifications center route","status":"passed","title":"parses notifications center route","duration":0.18533400000001166,"failureMessages":[],"meta":{},"tags":[]},{"ancestorTitles":["parseAppRoute"],"fullName":"parseAppRoute parses team member detail route","status":"passed","title":"parses team member detail route","duration":0.2260830000000027,"failureMessages":[],"meta":{},"tags":[]},{"ancestorTitles":["parseAppRoute"],"fullName":"parseAppRoute does not treat team invite as member detail","status":"passed","title":"does not treat team invite as member detail","duration":0.27054200000000606,"failureMessages":[],"meta":{},"tags":[]},{"ancestorTitles":["parseAppRoute"],"fullName":"parseAppRoute parses general switch establishment before general","status":"passed","title":"parses general switch establishment before general","duration":0.20412500000000477,"failureMessages":[],"meta":{},"tags":[]},{"ancestorTitles":["parseAppRoute"],"fullName":"parseAppRoute parses install app route","status":"passed","title":"parses install app route","duration":0.12120800000000997,"failureMessages":[],"meta":{},"tags":[]},{"ancestorTitles":["parseAppRoute"],"fullName":"parseAppRoute parses operational config route","status":"passed","title":"parses operational config route","duration":0.1037499999999909,"failureMessages":[],"meta":{},"tags":[]},{"ancestorTitles":["parseAppRoute"],"fullName":"parseAppRoute parses action plan routes with execution before template detail","status":"passed","title":"parses action plan routes with execution before template detail","duration":0.40012500000000273,"failureMessages":[],"meta":{},"tags":[]},{"ancestorTitles":["parseAppRoute"],"fullName":"parseAppRoute parses execution action plan create route before static execution hub","status":"passed","title":"parses execution action plan create route before static execution hub","duration":0.18541700000000105,"failureMessages":[],"meta":{},"tags":[]},{"ancestorTitles":["parseAppRoute"],"fullName":"parseAppRoute returns unknown for unrecognized paths","status":"passed","title":"returns unknown for unrecognized paths","duration":0.10175000000000978,"failureMessages":[],"meta":{},"tags":[]},{"ancestorTitles":["parseAppRoute"],"fullName":"parseAppRoute parses signal detail routes","status":"passed","title":"parses signal detail routes","duration":0.07366700000000037,"failureMessages":[],"meta":{},"tags":[]},{"ancestorTitles":["parseAppRoute"],"fullName":"parseAppRoute parses invitation routes","status":"passed","title":"parses invitation routes","duration":0.06887499999999136,"failureMessages":[],"meta":{},"tags":[]},{"ancestorTitles":["getAppRouteKey"],"fullName":"getAppRouteKey builds stable readable keys for static routes","status":"passed","title":"builds stable readable keys for static routes","duration":0.2097919999999931,"failureMessages":[],"meta":{},"tags":[]},{"ancestorTitles":["getAppRouteKey"],"fullName":"getAppRouteKey includes only route-identifying fields for detail routes","status":"passed","title":"includes only route-identifying fields for detail routes","duration":0.21570800000000645,"failureMessages":[],"meta":{},"tags":[]},{"ancestorTitles":["getAppRouteKey"],"fullName":"getAppRouteKey matches parseAppRoute output","status":"passed","title":"matches parseAppRoute output","duration":0.09174999999999045,"failureMessages":[],"meta":{},"tags":[]}],"startTime":1784103820671,"endTime":1784103820677.2158,"status":"passed","message":"","name":"/Users/leobsn/Desktop/houston_project/apps/web/src/app/app-routes.test.ts"},{"assertionResults":[{"ancestorTitles":["AuthProvider"],"fullName":"AuthProvider configures API auth runtime and resolves session on mount","status":"passed","title":"configures API auth runtime and resolves session on mount","duration":66.02245900000003,"failureMessages":[],"meta":{},"tags":[]},{"ancestorTitles":["AuthProvider"],"fullName":"AuthProvider does not retain authenticated or tenant cache after logout","status":"passed","title":"does not retain authenticated or tenant cache after logout","duration":17.003000000000043,"failureMessages":[],"meta":{},"tags":[]}],"startTime":1784103820021,"endTime":1784103820104.003,"status":"passed","message":"","name":"/Users/leobsn/Desktop/houston_project/apps/web/src/app/auth-provider.test.tsx"},{"assertionResults":[{"ancestorTitles":["lazy-terrain-pages"],"fullName":"lazy-terrain-pages exports a lazy component for each terrain route group","status":"passed","title":"exports a lazy component for each terrain route group","duration":1.5374579999999867,"failureMessages":[],"meta":{},"tags":[]},{"ancestorTitles":["lazy-terrain-pages"],"fullName":"lazy-terrain-pages resolves terrain page modules on dynamic import","status":"passed","title":"resolves terrain page modules on dynamic import","duration":1158.168625,"failureMessages":[],"meta":{},"tags":[]}],"startTime":1784103809025,"endTime":1784103810185.1687,"status":"passed","message":"","name":"/Users/leobsn/Desktop/houston_project/apps/web/src/app/lazy-terrain-pages.test.ts"},{"assertionResults":[{"ancestorTitles":["usesTerrainShell"],"fullName":"usesTerrainShell returns true for terrain hub routes","status":"passed","title":"returns true for terrain hub routes","duration":0.807959000000011,"failureMessages":[],"meta":{},"tags":[]},{"ancestorTitles":["usesTerrainShell"],"fullName":"usesTerrainShell returns true for signal detail","status":"passed","title":"returns true for signal detail","duration":0.08004099999999426,"failureMessages":[],"meta":{},"tags":[]},{"ancestorTitles":["usesTerrainShell"],"fullName":"usesTerrainShell returns true for action plan create routes","status":"passed","title":"returns true for action plan create routes","duration":0.12404200000000287,"failureMessages":[],"meta":{},"tags":[]},{"ancestorTitles":["usesTerrainShell"],"fullName":"usesTerrainShell returns true for team and action plan hub routes","status":"passed","title":"returns true for team and action plan hub routes","duration":0.10429100000001768,"failureMessages":[],"meta":{},"tags":[]},{"ancestorTitles":["usesTerrainShell"],"fullName":"usesTerrainShell returns false for non-terrain routes","status":"passed","title":"returns false for non-terrain routes","duration":0.07358400000001097,"failureMessages":[],"meta":{},"tags":[]},{"ancestorTitles":["usesTerrainShell"],"fullName":"usesTerrainShell returns true for install app route","status":"passed","title":"returns true for install app route","duration":0.04641699999999105,"failureMessages":[],"meta":{},"tags":[]},{"ancestorTitles":["getTerrainRouteConfig"],"fullName":"getTerrainRouteConfig configures hub routes with bottom nav, page title, and main scroll","status":"passed","title":"configures hub routes with bottom nav, page title, and main scroll","duration":0.464209000000011,"failureMessages":[],"meta":{},"tags":[]},{"ancestorTitles":["getTerrainRouteConfig"],"fullName":"getTerrainRouteConfig configures team route as detail shell without bottom nav","status":"passed","title":"configures team route as detail shell without bottom nav","duration":0.06866700000000492,"failureMessages":[],"meta":{},"tags":[]},{"ancestorTitles":["getTerrainRouteConfig"],"fullName":"getTerrainRouteConfig configures notifications center route as detail shell without bottom nav","status":"passed","title":"configures notifications center route as detail shell without bottom nav","duration":0.06887499999999136,"failureMessages":[],"meta":{},"tags":[]},{"ancestorTitles":["getTerrainRouteConfig"],"fullName":"getTerrainRouteConfig configures team invite route as detail shell without bottom nav","status":"passed","title":"configures team invite route as detail shell without bottom nav","duration":0.07787500000000591,"failureMessages":[],"meta":{},"tags":[]},{"ancestorTitles":["getTerrainRouteConfig"],"fullName":"getTerrainRouteConfig configures profile switch establishment route as detail shell without bottom nav","status":"passed","title":"configures profile switch establishment route as detail shell without bottom nav","duration":0.050749999999993634,"failureMessages":[],"meta":{},"tags":[]},{"ancestorTitles":["getTerrainRouteConfig"],"fullName":"getTerrainRouteConfig configures action plan routes","status":"passed","title":"configures action plan routes","duration":0.13450000000000273,"failureMessages":[],"meta":{},"tags":[]},{"ancestorTitles":["getTerrainRouteConfig"],"fullName":"getTerrainRouteConfig configures signal detail without bottom nav","status":"passed","title":"configures signal detail without bottom nav","duration":0.04075000000000273,"failureMessages":[],"meta":{},"tags":[]},{"ancestorTitles":["getTerrainRouteConfig"],"fullName":"getTerrainRouteConfig configures signal-linked action plan create with centered topbar and back to signal","status":"passed","title":"configures signal-linked action plan create with centered topbar and back to signal","duration":0.037333000000018046,"failureMessages":[],"meta":{},"tags":[]},{"ancestorTitles":["getTerrainRouteConfig"],"fullName":"getTerrainRouteConfig configures chat conversation detail without bottom nav","status":"passed","title":"configures chat conversation detail without bottom nav","duration":0.03766699999999901,"failureMessages":[],"meta":{},"tags":[]},{"ancestorTitles":["getTerrainRouteConfig"],"fullName":"getTerrainRouteConfig throws for non-terrain routes","status":"passed","title":"throws for non-terrain routes","duration":0.3632080000000144,"failureMessages":[],"meta":{},"tags":[]},{"ancestorTitles":["getTerrainRouteConfig"],"fullName":"getTerrainRouteConfig configures install app route without topbar or bottom nav","status":"passed","title":"configures install app route without topbar or bottom nav","duration":0.39587500000001796,"failureMessages":[],"meta":{},"tags":[]},{"ancestorTitles":["resolveTerrainTopbarShowBottomBorder"],"fullName":"resolveTerrainTopbarShowBottomBorder returns false for all terrain hub routes","status":"passed","title":"returns false for all terrain hub routes","duration":0.1052919999999915,"failureMessages":[],"meta":{},"tags":[]},{"ancestorTitles":["resolveTerrainTopbarShowBottomBorder"],"fullName":"resolveTerrainTopbarShowBottomBorder returns true for detail routes such as signal detail","status":"passed","title":"returns true for detail routes such as signal detail","duration":0.04245800000001054,"failureMessages":[],"meta":{},"tags":[]},{"ancestorTitles":["resolveTerrainTopbarShowBottomBorder"],"fullName":"resolveTerrainTopbarShowBottomBorder returns false for signal action create","status":"passed","title":"returns false for signal action create","duration":0.033375000000006594,"failureMessages":[],"meta":{},"tags":[]},{"ancestorTitles":["getTerrainContentKey"],"fullName":"getTerrainContentKey maps terrain hub routes to stable keys","status":"passed","title":"maps terrain hub routes to stable keys","duration":0.13733300000001236,"failureMessages":[],"meta":{},"tags":[]},{"ancestorTitles":["getTerrainContentKey"],"fullName":"getTerrainContentKey includes signal id for detail routes","status":"passed","title":"includes signal id for detail routes","duration":0.028540999999989936,"failureMessages":[],"meta":{},"tags":[]},{"ancestorTitles":["getTerrainContentKey"],"fullName":"getTerrainContentKey maps action plan create routes to stable keys","status":"passed","title":"maps action plan create routes to stable keys","duration":0.06100000000000705,"failureMessages":[],"meta":{},"tags":[]},{"ancestorTitles":["getTerrainContentKey"],"fullName":"getTerrainContentKey includes chat conversation id for detail routes","status":"passed","title":"includes chat conversation id for detail routes","duration":0.028874999999999318,"failureMessages":[],"meta":{},"tags":[]},{"ancestorTitles":["getTerrainContentKey"],"fullName":"getTerrainContentKey includes team member id for detail routes","status":"passed","title":"includes team member id for detail routes","duration":0.026499999999998636,"failureMessages":[],"meta":{},"tags":[]},{"ancestorTitles":["getTerrainContentKey"],"fullName":"getTerrainContentKey throws for non-terrain routes","status":"passed","title":"throws for non-terrain routes","duration":0.06533400000000711,"failureMessages":[],"meta":{},"tags":[]},{"ancestorTitles":["getTerrainContentKey"],"fullName":"getTerrainContentKey maps install app route to stable key","status":"passed","title":"maps install app route to stable key","duration":0.028500000000008185,"failureMessages":[],"meta":{},"tags":[]},{"ancestorTitles":["isProtectedRoute"],"fullName":"isProtectedRoute returns true for protected static routes","status":"passed","title":"returns true for protected static routes","duration":0.06929199999999014,"failureMessages":[],"meta":{},"tags":[]},{"ancestorTitles":["isProtectedRoute"],"fullName":"isProtectedRoute returns true for operational detail routes","status":"passed","title":"returns true for operational detail routes","duration":0.04712499999999409,"failureMessages":[],"meta":{},"tags":[]},{"ancestorTitles":["isProtectedRoute"],"fullName":"isProtectedRoute returns false for public routes","status":"passed","title":"returns false for public routes","duration":0.05366700000001856,"failureMessages":[],"meta":{},"tags":[]},{"ancestorTitles":["requiresActiveMembership"],"fullName":"requiresActiveMembership returns true for operational static routes","status":"passed","title":"returns true for operational static routes","duration":0.1415839999999946,"failureMessages":[],"meta":{},"tags":[]},{"ancestorTitles":["requiresActiveMembership"],"fullName":"requiresActiveMembership returns true for operational detail routes","status":"passed","title":"returns true for operational detail routes","duration":0.06924999999998249,"failureMessages":[],"meta":{},"tags":[]},{"ancestorTitles":["requiresActiveMembership"],"fullName":"requiresActiveMembership returns false for onboarding and auth routes","status":"passed","title":"returns false for onboarding and auth routes","duration":0.06508300000001555,"failureMessages":[],"meta":{},"tags":[]},{"ancestorTitles":["/install-app route guards and terrain config"],"fullName":"/install-app route guards and terrain config is protected and requires active membership","status":"passed","title":"is protected and requires active membership","duration":0.036041000000011536,"failureMessages":[],"meta":{},"tags":[]},{"ancestorTitles":["/install-app route guards and terrain config"],"fullName":"/install-app route guards and terrain config uses terrain shell","status":"passed","title":"uses terrain shell","duration":0.024542000000025155,"failureMessages":[],"meta":{},"tags":[]},{"ancestorTitles":["/install-app route guards and terrain config"],"fullName":"/install-app route guards and terrain config configures terrain shell without topbar or bottom nav","status":"passed","title":"configures terrain shell without topbar or bottom nav","duration":0.054666999999994914,"failureMessages":[],"meta":{},"tags":[]},{"ancestorTitles":["/install-app route guards and terrain config"],"fullName":"/install-app route guards and terrain config maps to stable terrain content key","status":"passed","title":"maps to stable terrain content key","duration":0.026957999999979165,"failureMessages":[],"meta":{},"tags":[]}],"startTime":1784103820384,"endTime":1784103820389.0693,"status":"passed","message":"","name":"/Users/leobsn/Desktop/houston_project/apps/web/src/app/terrain-routes.test.ts"},{"assertionResults":[{"ancestorTitles":["parseStandardApiError"],"fullName":"parseStandardApiError extracts detail and code from API error payloads","status":"passed","title":"extracts detail and code from API error payloads","duration":22.495208000000005,"failureMessages":[],"meta":{},"tags":[]},{"ancestorTitles":["parseStandardApiError"],"fullName":"parseStandardApiError falls back when payload is missing fields","status":"passed","title":"falls back when payload is missing fields","duration":0.11487500000001205,"failureMessages":[],"meta":{},"tags":[]}],"startTime":1784103819296,"endTime":1784103819319.115,"status":"passed","message":"","name":"/Users/leobsn/Desktop/houston_project/apps/web/src/lib/api-errors.test.ts"},{"assertionResults":[{"ancestorTitles":["getDisplayNameInitials"],"fullName":"getDisplayNameInitials derives initials from short creator name","status":"passed","title":"derives initials from short creator name","duration":1.676249999999996,"failureMessages":[],"meta":{},"tags":[]},{"ancestorTitles":["getDisplayNameInitials"],"fullName":"getDisplayNameInitials derives initials from full name","status":"passed","title":"derives initials from full name","duration":0.15091699999999264,"failureMessages":[],"meta":{},"tags":[]}],"startTime":1784103821471,"endTime":1784103821473.151,"status":"passed","message":"","name":"/Users/leobsn/Desktop/houston_project/apps/web/src/lib/display-names.test.ts"},{"assertionResults":[{"ancestorTitles":["error-message"],"fullName":"error-message maps network failures to centralized copy in toErrorMessage","status":"passed","title":"maps network failures to centralized copy in toErrorMessage","duration":0.6641659999999945,"failureMessages":[],"meta":{},"tags":[]},{"ancestorTitles":["error-message"],"fullName":"error-message maps network failures before API error parsing in resolveApiErrorMessage","status":"passed","title":"maps network failures before API error parsing in resolveApiErrorMessage","duration":0.08733399999999847,"failureMessages":[],"meta":{},"tags":[]},{"ancestorTitles":["error-message"],"fullName":"error-message preserves API error detail when not a network failure","status":"passed","title":"preserves API error detail when not a network failure","duration":0.07320900000000563,"failureMessages":[],"meta":{},"tags":[]},{"ancestorTitles":["error-message"],"fullName":"error-message falls back for unknown errors","status":"passed","title":"falls back for unknown errors","duration":0.05345800000000622,"failureMessages":[],"meta":{},"tags":[]}],"startTime":1784103821411,"endTime":1784103821411.664,"status":"passed","message":"","name":"/Users/leobsn/Desktop/houston_project/apps/web/src/lib/error-message.test.ts"},{"assertionResults":[{"ancestorTitles":["feedCardKeyDown"],"fullName":"feedCardKeyDown triggers onSelect on Enter when target is the card","status":"passed","title":"triggers onSelect on Enter when target is the card","duration":1.6493330000000697,"failureMessages":[],"meta":{},"tags":[]},{"ancestorTitles":["feedCardKeyDown"],"fullName":"feedCardKeyDown triggers onSelect on Space when target is the card","status":"passed","title":"triggers onSelect on Space when target is the card","duration":0.19983300000001236,"failureMessages":[],"meta":{},"tags":[]},{"ancestorTitles":["feedCardKeyDown"],"fullName":"feedCardKeyDown does not trigger onSelect when event originates from nested button","status":"passed","title":"does not trigger onSelect when event originates from nested button","duration":0.31637499999999363,"failureMessages":[],"meta":{},"tags":[]},{"ancestorTitles":["feedCardKeyDown"],"fullName":"feedCardKeyDown ignores other keys","status":"passed","title":"ignores other keys","duration":0.11291699999992488,"failureMessages":[],"meta":{},"tags":[]}],"startTime":1784103821290,"endTime":1784103821292.3164,"status":"passed","message":"","name":"/Users/leobsn/Desktop/houston_project/apps/web/src/lib/feed-card-keyboard.test.ts"},{"assertionResults":[{"ancestorTitles":["network-error"],"fullName":"network-error exports field-friendly copy constants","status":"passed","title":"exports field-friendly copy constants","duration":0.7709169999999972,"failureMessages":[],"meta":{},"tags":[]},{"ancestorTitles":["network-error"],"fullName":"network-error detects fetch TypeError failures","status":"passed","title":"detects fetch TypeError failures","duration":0.17566700000000424,"failureMessages":[],"meta":{},"tags":[]},{"ancestorTitles":["network-error"],"fullName":"network-error detects DOMException network failures","status":"passed","title":"detects DOMException network failures","duration":0.07500000000000284,"failureMessages":[],"meta":{},"tags":[]},{"ancestorTitles":["network-error"],"fullName":"network-error does not treat HTTP API errors as network failures","status":"passed","title":"does not treat HTTP API errors as network failures","duration":0.08504199999998718,"failureMessages":[],"meta":{},"tags":[]},{"ancestorTitles":["network-error"],"fullName":"network-error does not treat unrelated TypeErrors as network failures","status":"passed","title":"does not treat unrelated TypeErrors as network failures","duration":0.06083399999999983,"failureMessages":[],"meta":{},"tags":[]}],"startTime":1784103821349,"endTime":1784103821350.1758,"status":"passed","message":"","name":"/Users/leobsn/Desktop/houston_project/apps/web/src/lib/network-error.test.ts"},{"assertionResults":[{"ancestorTitles":["useNetworkStatus"],"fullName":"useNetworkStatus reflects navigator.onLine and updates on offline/online events","status":"passed","title":"reflects navigator.onLine and updates on offline/online events","duration":9.073959000000059,"failureMessages":[],"meta":{},"tags":[]}],"startTime":1784103820226,"endTime":1784103820235.074,"status":"passed","message":"","name":"/Users/leobsn/Desktop/houston_project/apps/web/src/lib/network-status.test.ts"},{"assertionResults":[{"ancestorTitles":["pwa-update"],"fullName":"pwa-update starts without a pending refresh","status":"passed","title":"starts without a pending refresh","duration":71.58387500000003,"failureMessages":[],"meta":{},"tags":[]},{"ancestorTitles":["pwa-update"],"fullName":"pwa-update sets needsRefresh when an update is available","status":"passed","title":"sets needsRefresh when an update is available","duration":2.419832999999926,"failureMessages":[],"meta":{},"tags":[]},{"ancestorTitles":["pwa-update"],"fullName":"pwa-update applyPwaUpdate invokes the stored callback","status":"passed","title":"applyPwaUpdate invokes the stored callback","duration":0.6726250000000391,"failureMessages":[],"meta":{},"tags":[]},{"ancestorTitles":["pwa-update"],"fullName":"pwa-update dismissPwaUpdate hides the prompt without applying the update","status":"passed","title":"dismissPwaUpdate hides the prompt without applying the update","duration":1.6428339999999935,"failureMessages":[],"meta":{},"tags":[]}],"startTime":1784103820051,"endTime":1784103820127.6428,"status":"passed","message":"","name":"/Users/leobsn/Desktop/houston_project/apps/web/src/lib/pwa-update.test.ts"},{"assertionResults":[{"ancestorTitles":["query-invalidation factory parity"],"fullName":"query-invalidation factory parity invalidateEstablishmentSignalQueries matches signalsQueryKeys prefixes","status":"passed","title":"invalidateEstablishmentSignalQueries matches signalsQueryKeys prefixes","duration":1.9724159999999813,"failureMessages":[],"meta":{},"tags":[]},{"ancestorTitles":["query-invalidation factory parity"],"fullName":"query-invalidation factory parity invalidateSignalCommentQueries matches commentsQueryKeys.signalList","status":"passed","title":"invalidateSignalCommentQueries matches commentsQueryKeys.signalList","duration":0.25337500000000546,"failureMessages":[],"meta":{},"tags":[]},{"ancestorTitles":["query-invalidation factory parity"],"fullName":"query-invalidation factory parity invalidateExecutionCommentQueries matches commentsQueryKeys.executionList","status":"passed","title":"invalidateExecutionCommentQueries matches commentsQueryKeys.executionList","duration":0.17133300000000418,"failureMessages":[],"meta":{},"tags":[]},{"ancestorTitles":["query-invalidation factory parity"],"fullName":"query-invalidation factory parity invalidateEstablishmentNotificationQueries matches notificationsQueryKeys.lists","status":"passed","title":"invalidateEstablishmentNotificationQueries matches notificationsQueryKeys.lists","duration":0.14479199999999537,"failureMessages":[],"meta":{},"tags":[]},{"ancestorTitles":["query-invalidation factory parity"],"fullName":"query-invalidation factory parity invalidateEstablishmentActionPlanCatalogQueries matches actionPlansQueryKeys prefixes","status":"passed","title":"invalidateEstablishmentActionPlanCatalogQueries matches actionPlansQueryKeys prefixes","duration":0.17970900000000256,"failureMessages":[],"meta":{},"tags":[]},{"ancestorTitles":["query-invalidation factory parity"],"fullName":"query-invalidation factory parity invalidateActionPlanExecutionFeedQueries matches actionPlansQueryKeys.executionFeed","status":"passed","title":"invalidateActionPlanExecutionFeedQueries matches actionPlansQueryKeys.executionFeed","duration":0.10645900000000097,"failureMessages":[],"meta":{},"tags":[]},{"ancestorTitles":["query-invalidation factory parity"],"fullName":"query-invalidation factory parity invalidateActionPlanExecutionSurfaces matches execution feed and detail prefixes","status":"passed","title":"invalidateActionPlanExecutionSurfaces matches execution feed and detail prefixes","duration":0.18549999999999045,"failureMessages":[],"meta":{},"tags":[]},{"ancestorTitles":["query-invalidation factory parity"],"fullName":"query-invalidation factory parity invalidateActionPlanAssigneeSurfaces matches broad execution detail prefix","status":"passed","title":"invalidateActionPlanAssigneeSurfaces matches broad execution detail prefix","duration":0.10162500000001273,"failureMessages":[],"meta":{},"tags":[]},{"ancestorTitles":["query-invalidation factory parity"],"fullName":"query-invalidation factory parity invalidateActionPlanMutationSurfaces matches catalog prefixes","status":"passed","title":"invalidateActionPlanMutationSurfaces matches catalog prefixes","duration":0.13654099999999403,"failureMessages":[],"meta":{},"tags":[]}],"startTime":1784103820853,"endTime":1784103820857.1365,"status":"passed","message":"","name":"/Users/leobsn/Desktop/houston_project/apps/web/src/lib/query-invalidation-parity.test.ts"},{"assertionResults":[{"ancestorTitles":["query-invalidation"],"fullName":"query-invalidation cancels non-auth queries before removing them on purge","status":"passed","title":"cancels non-auth queries before removing them on purge","duration":3.0433339999999873,"failureMessages":[],"meta":{},"tags":[]},{"ancestorTitles":["query-invalidation"],"fullName":"query-invalidation removes unknown query roots by default while preserving auth","status":"passed","title":"removes unknown query roots by default while preserving auth","duration":1.6254590000000064,"failureMessages":[],"meta":{},"tags":[]},{"ancestorTitles":["query-invalidation"],"fullName":"query-invalidation drops cached establishment data across tenants on purge","status":"passed","title":"drops cached establishment data across tenants on purge","duration":0.47929200000001515,"failureMessages":[],"meta":{},"tags":[]},{"ancestorTitles":["query-invalidation"],"fullName":"query-invalidation cancels all queries before clear on logout cache reset","status":"passed","title":"cancels all queries before clear on logout cache reset","duration":0.27533399999998664,"failureMessages":[],"meta":{},"tags":[]},{"ancestorTitles":["query-invalidation"],"fullName":"query-invalidation does not restore cancelled in-flight data after purge","status":"passed","title":"does not restore cancelled in-flight data after purge","duration":1.0879589999999837,"failureMessages":[],"meta":{},"tags":[]},{"ancestorTitles":["query-invalidation"],"fullName":"query-invalidation invalidates establishment-scoped signal queries","status":"passed","title":"invalidates establishment-scoped signal queries","duration":1.286750000000012,"failureMessages":[],"meta":{},"tags":[]},{"ancestorTitles":["query-invalidation"],"fullName":"query-invalidation invalidates signal comment queries without global keys","status":"passed","title":"invalidates signal comment queries without global keys","duration":0.4272910000000252,"failureMessages":[],"meta":{},"tags":[]},{"ancestorTitles":["query-invalidation"],"fullName":"query-invalidation invalidates execution comment queries without global keys","status":"passed","title":"invalidates execution comment queries without global keys","duration":0.42058399999999097,"failureMessages":[],"meta":{},"tags":[]}],"startTime":1784103819929,"endTime":1784103819937.4272,"status":"passed","message":"","name":"/Users/leobsn/Desktop/houston_project/apps/web/src/lib/query-invalidation.test.ts"},{"assertionResults":[{"ancestorTitles":["signal-classification"],"fullName":"signal-classification detects pipeline shim values","status":"passed","title":"detects pipeline shim values","duration":1.042625000000001,"failureMessages":[],"meta":{},"tags":[]},{"ancestorTitles":["signal-classification"],"fullName":"signal-classification formats acceptance case with affected different from responsible","status":"passed","title":"formats acceptance case with affected different from responsible","duration":0.46279099999999573,"failureMessages":[],"meta":{},"tags":[]},{"ancestorTitles":["signal-classification"],"fullName":"signal-classification omits affected line when affected equals responsible","status":"passed","title":"omits affected line when affected equals responsible","duration":0.20600000000000307,"failureMessages":[],"meta":{},"tags":[]},{"ancestorTitles":["signal-classification"],"fullName":"signal-classification returns null display when business unit labels are absent","status":"passed","title":"returns null display when business unit labels are absent","duration":0.14895799999999326,"failureMessages":[],"meta":{},"tags":[]},{"ancestorTitles":["signal-classification"],"fullName":"signal-classification masks shim business unit labels","status":"passed","title":"masks shim business unit labels","duration":0.12641699999998934,"failureMessages":[],"meta":{},"tags":[]},{"ancestorTitles":["signal-classification"],"fullName":"signal-classification formats free action with responsible business unit only","status":"passed","title":"formats free action with responsible business unit only","duration":0.13595800000000224,"failureMessages":[],"meta":{},"tags":[]}],"startTime":1784103820833,"endTime":1784103820835.206,"status":"passed","message":"","name":"/Users/leobsn/Desktop/houston_project/apps/web/src/lib/signal-classification.test.ts"},{"assertionResults":[{"ancestorTitles":["useCollapsibleFeedSections"],"fullName":"useCollapsibleFeedSections expands all sections by default","status":"passed","title":"expands all sections by default","duration":7.636124999999993,"failureMessages":[],"meta":{},"tags":[]},{"ancestorTitles":["useCollapsibleFeedSections"],"fullName":"useCollapsibleFeedSections collapses defaultCollapsedKeys on init","status":"passed","title":"collapses defaultCollapsedKeys on init","duration":1.3082919999999376,"failureMessages":[],"meta":{},"tags":[]},{"ancestorTitles":["useCollapsibleFeedSections"],"fullName":"useCollapsibleFeedSections toggles a section","status":"passed","title":"toggles a section","duration":1.5599159999999301,"failureMessages":[],"meta":{},"tags":[]},{"ancestorTitles":["useCollapsibleFeedSections"],"fullName":"useCollapsibleFeedSections resets expansion when resetToken changes","status":"passed","title":"resets expansion when resetToken changes","duration":0.8607080000000451,"failureMessages":[],"meta":{},"tags":[]},{"ancestorTitles":["useCollapsibleFeedSections"],"fullName":"useCollapsibleFeedSections adds new section keys with defaults without resetting existing toggles","status":"passed","title":"adds new section keys with defaults without resetting existing toggles","duration":0.638582999999926,"failureMessages":[],"meta":{},"tags":[]}],"startTime":1784103820329,"endTime":1784103820340.6387,"status":"passed","message":"","name":"/Users/leobsn/Desktop/houston_project/apps/web/src/lib/use-collapsible-feed-sections.test.ts"},{"assertionResults":[{"ancestorTitles":["push-handlers"],"fullName":"push-handlers parses push payload json into notification fields","status":"passed","title":"parses push payload json into notification fields","duration":1.004209000000003,"failureMessages":[],"meta":{},"tags":[]},{"ancestorTitles":["push-handlers"],"fullName":"push-handlers falls back to defaults when payload is missing","status":"passed","title":"falls back to defaults when payload is missing","duration":0.11070800000000247,"failureMessages":[],"meta":{},"tags":[]},{"ancestorTitles":["push-handlers"],"fullName":"push-handlers resolves relative notification click URLs against origin","status":"passed","title":"resolves relative notification click URLs against origin","duration":0.13295799999998792,"failureMessages":[],"meta":{},"tags":[]},{"ancestorTitles":["handleNotificationClick"],"fullName":"handleNotificationClick returns null when notification data has no url","status":"passed","title":"returns null when notification data has no url","duration":0.37658299999999656,"failureMessages":[],"meta":{},"tags":[]},{"ancestorTitles":["handleNotificationClick"],"fullName":"handleNotificationClick focuses and navigates an existing same-origin client","status":"passed","title":"focuses and navigates an existing same-origin client","duration":0.4354590000000087,"failureMessages":[],"meta":{},"tags":[]},{"ancestorTitles":["handleNotificationClick"],"fullName":"handleNotificationClick opens a new window when no same-origin client exists","status":"passed","title":"opens a new window when no same-origin client exists","duration":0.14304099999999664,"failureMessages":[],"meta":{},"tags":[]},{"ancestorTitles":["handleNotificationClick"],"fullName":"handleNotificationClick opens target url when navigate is unavailable on focused client","status":"passed","title":"opens target url when navigate is unavailable on focused client","duration":0.16441600000000278,"failureMessages":[],"meta":{},"tags":[]},{"ancestorTitles":["handleNotificationClick"],"fullName":"handleNotificationClick opens target url when navigate throws","status":"passed","title":"opens target url when navigate throws","duration":0.7178749999999923,"failureMessages":[],"meta":{},"tags":[]},{"ancestorTitles":["handleNotificationClick"],"fullName":"handleNotificationClick opens target url when navigate returns null","status":"passed","title":"opens target url when navigate returns null","duration":0.4025000000000034,"failureMessages":[],"meta":{},"tags":[]}],"startTime":1784103820586,"endTime":1784103820590.4026,"status":"passed","message":"","name":"/Users/leobsn/Desktop/houston_project/apps/web/src/sw/push-handlers.test.ts"},{"assertionResults":[{"ancestorTitles":["spa-navigation"],"fullName":"spa-navigation serves SPA routes through navigation fallback","status":"passed","title":"serves SPA routes through navigation fallback","duration":1.385582999999997,"failureMessages":[],"meta":{},"tags":[]},{"ancestorTitles":["spa-navigation"],"fullName":"spa-navigation bypasses API and WebSocket paths via denylist","status":"passed","title":"bypasses API and WebSocket paths via denylist","duration":0.20154200000000344,"failureMessages":[],"meta":{},"tags":[]}],"startTime":1784103821100,"endTime":1784103821101.3855,"status":"passed","message":"","name":"/Users/leobsn/Desktop/houston_project/apps/web/src/sw/spa-navigation.test.ts"},{"assertionResults":[{"ancestorTitles":["applyDeadlinePreset"],"fullName":"applyDeadlinePreset adds 30 minutes","status":"passed","title":"adds 30 minutes","duration":0.6999160000000018,"failureMessages":[],"meta":{},"tags":[]},{"ancestorTitles":["applyDeadlinePreset"],"fullName":"applyDeadlinePreset adds 1 hour","status":"passed","title":"adds 1 hour","duration":0.07929199999999526,"failureMessages":[],"meta":{},"tags":[]},{"ancestorTitles":["applyDeadlinePreset"],"fullName":"applyDeadlinePreset adds 2 hours","status":"passed","title":"adds 2 hours","duration":0.06416699999999764,"failureMessages":[],"meta":{},"tags":[]},{"ancestorTitles":["applyDeadlinePreset"],"fullName":"applyDeadlinePreset adds 3 hours","status":"passed","title":"adds 3 hours","duration":0.05416599999999505,"failureMessages":[],"meta":{},"tags":[]},{"ancestorTitles":["buildDueAtFromParts"],"fullName":"buildDueAtFromParts combines date and time in local timezone","status":"passed","title":"combines date and time in local timezone","duration":0.1941669999999931,"failureMessages":[],"meta":{},"tags":[]},{"ancestorTitles":["buildDueAtFromParts"],"fullName":"buildDueAtFromParts returns null for invalid date string","status":"passed","title":"returns null for invalid date string","duration":0.05087500000000489,"failureMessages":[],"meta":{},"tags":[]},{"ancestorTitles":["syncDeadlineFieldsFromDueAt"],"fullName":"syncDeadlineFieldsFromDueAt extracts date and time fields for inputs","status":"passed","title":"extracts date and time fields for inputs","duration":0.2894589999999937,"failureMessages":[],"meta":{},"tags":[]},{"ancestorTitles":["formatDateForInput"],"fullName":"formatDateForInput formats as YYYY-MM-DD","status":"passed","title":"formats as YYYY-MM-DD","duration":0.06241699999999639,"failureMessages":[],"meta":{},"tags":[]},{"ancestorTitles":["formatDeadlineDateLabel"],"fullName":"formatDeadlineDateLabel formats a valid date in French","status":"passed","title":"formats a valid date in French","duration":15.637916000000004,"failureMessages":[],"meta":{},"tags":[]},{"ancestorTitles":["formatDeadlineDateLabel"],"fullName":"formatDeadlineDateLabel returns placeholder for invalid date","status":"passed","title":"returns placeholder for invalid date","duration":0.16599999999999682,"failureMessages":[],"meta":{},"tags":[]},{"ancestorTitles":["formatDeadlineTimeLabel"],"fullName":"formatDeadlineTimeLabel formats padded hours and minutes","status":"passed","title":"formats padded hours and minutes","duration":0.09524999999999295,"failureMessages":[],"meta":{},"tags":[]},{"ancestorTitles":["formatDeadlineTimeLabel"],"fullName":"formatDeadlineTimeLabel returns placeholder for invalid time","status":"passed","title":"returns placeholder for invalid time","duration":0.08416699999997945,"failureMessages":[],"meta":{},"tags":[]},{"ancestorTitles":["buildDueAtFromDateAndTime"],"fullName":"buildDueAtFromDateAndTime sets hours and minutes on the given base date in local time","status":"passed","title":"sets hours and minutes on the given base date in local time","duration":1.1072910000000036,"failureMessages":[],"meta":{},"tags":[]}],"startTime":1784103818418,"endTime":1784103818437.1072,"status":"passed","message":"","name":"/Users/leobsn/Desktop/houston_project/apps/web/src/components/domain/action-deadline.test.ts"},{"assertionResults":[{"ancestorTitles":["BottomMobileNav"],"fullName":"BottomMobileNav renders above sticky page footers via z-index","status":"passed","title":"renders above sticky page footers via z-index","duration":107.90304099999992,"failureMessages":[],"meta":{},"tags":[]},{"ancestorTitles":["BottomMobileNav"],"fullName":"BottomMobileNav keeps safe area padding on nav and a fixed h-11 row on ul","status":"passed","title":"keeps safe area padding on nav and a fixed h-11 row on ul","duration":6.224417000000017,"failureMessages":[],"meta":{},"tags":[]},{"ancestorTitles":["BottomMobileNav"],"fullName":"BottomMobileNav renders primary FAB as a 56x56 absolute link outside the row flow","status":"passed","title":"renders primary FAB as a 56x56 absolute link outside the row flow","duration":18.056499999999915,"failureMessages":[],"meta":{},"tags":[]},{"ancestorTitles":["BottomMobileNav"],"fullName":"BottomMobileNav renders standard tabs with 44x44 minimum touch targets","status":"passed","title":"renders standard tabs with 44x44 minimum touch targets","duration":19.904290999999944,"failureMessages":[],"meta":{},"tags":[]}],"startTime":1784103814261,"endTime":1784103814412.9043,"status":"passed","message":"","name":"/Users/leobsn/Desktop/houston_project/apps/web/src/components/layout/bottom-mobile-nav.test.tsx"},{"assertionResults":[{"ancestorTitles":["NetworkStatusBanner"],"fullName":"NetworkStatusBanner is hidden when online","status":"passed","title":"is hidden when online","duration":12.623625000000061,"failureMessages":[],"meta":{},"tags":[]},{"ancestorTitles":["NetworkStatusBanner"],"fullName":"NetworkStatusBanner shows offline status with accessible role when offline","status":"passed","title":"shows offline status with accessible role when offline","duration":72.98220800000001,"failureMessages":[],"meta":{},"tags":[]}],"startTime":1784103817438,"endTime":1784103817523.9822,"status":"passed","message":"","name":"/Users/leobsn/Desktop/houston_project/apps/web/src/components/layout/network-status-banner.test.tsx"},{"assertionResults":[{"ancestorTitles":["PwaUpdateBanner"],"fullName":"PwaUpdateBanner is hidden when no update is pending","status":"passed","title":"is hidden when no update is pending","duration":38.83741700000007,"failureMessages":[],"meta":{},"tags":[]},{"ancestorTitles":["PwaUpdateBanner"],"fullName":"PwaUpdateBanner shows reload and dismiss actions when an update is pending","status":"passed","title":"shows reload and dismiss actions when an update is pending","duration":93.02141600000004,"failureMessages":[],"meta":{},"tags":[]},{"ancestorTitles":["PwaUpdateBanner"],"fullName":"PwaUpdateBanner dismisses the banner when Plus tard is clicked","status":"passed","title":"dismisses the banner when Plus tard is clicked","duration":7.014249999999947,"failureMessages":[],"meta":{},"tags":[]}],"startTime":1784103816264,"endTime":1784103816403.0142,"status":"passed","message":"","name":"/Users/leobsn/Desktop/houston_project/apps/web/src/components/layout/pwa-update-banner.test.tsx"},{"assertionResults":[{"ancestorTitles":["TerrainErrorBoundary"],"fullName":"TerrainErrorBoundary renders healthy children without fallback","status":"passed","title":"renders healthy children without fallback","duration":24.433207999999922,"failureMessages":[],"meta":{},"tags":[]},{"ancestorTitles":["TerrainErrorBoundary"],"fullName":"TerrainErrorBoundary shows fallback when a child throws during render","status":"passed","title":"shows fallback when a child throws during render","duration":77.287958,"failureMessages":[],"meta":{},"tags":[]},{"ancestorTitles":["TerrainErrorBoundary"],"fullName":"TerrainErrorBoundary retries by resetting the boundary when the child recovers","status":"passed","title":"retries by resetting the boundary when the child recovers","duration":12.126666999999998,"failureMessages":[],"meta":{},"tags":[]},{"ancestorTitles":["TerrainErrorBoundary"],"fullName":"TerrainErrorBoundary navigates home with replace when returning to accueil","status":"passed","title":"navigates home with replace when returning to accueil","duration":9.489749999999958,"failureMessages":[],"meta":{},"tags":[]},{"ancestorTitles":["TerrainErrorBoundary"],"fullName":"TerrainErrorBoundary clears fallback when resetKey changes and the new child is healthy","status":"passed","title":"clears fallback when resetKey changes and the new child is healthy","duration":6.838208000000009,"failureMessages":[],"meta":{},"tags":[]}],"startTime":1784103814249,"endTime":1784103814378.8381,"status":"passed","message":"","name":"/Users/leobsn/Desktop/houston_project/apps/web/src/components/layout/terrain-error-boundary.test.tsx"},{"assertionResults":[{"ancestorTitles":["TerrainShell"],"fullName":"TerrainShell locks main scroll when mainScroll is hidden","status":"passed","title":"locks main scroll when mainScroll is hidden","duration":79.49708299999998,"failureMessages":[],"meta":{},"tags":[]},{"ancestorTitles":["TerrainShell"],"fullName":"TerrainShell allows main scroll when mainScroll is auto","status":"passed","title":"allows main scroll when mainScroll is auto","duration":15.063125000000014,"failureMessages":[],"meta":{},"tags":[]},{"ancestorTitles":["TerrainShell"],"fullName":"TerrainShell renders update banner inside the shell as a shrink-0 sibling before main","status":"passed","title":"renders update banner inside the shell as a shrink-0 sibling before main","duration":3.0996659999999565,"failureMessages":[],"meta":{},"tags":[]}],"startTime":1784103812600,"endTime":1784103812697.0996,"status":"passed","message":"","name":"/Users/leobsn/Desktop/houston_project/apps/web/src/components/layout/terrain-shell.test.tsx"},{"assertionResults":[{"ancestorTitles":["TerrainTopbar"],"fullName":"TerrainTopbar renders hub page title and trailing without logo","status":"passed","title":"renders hub page title and trailing without logo","duration":93.53808300000003,"failureMessages":[],"meta":{},"tags":[]},{"ancestorTitles":["TerrainTopbar"],"fullName":"TerrainTopbar renders hub without page title using a spacer","status":"passed","title":"renders hub without page title using a spacer","duration":1.627207999999996,"failureMessages":[],"meta":{},"tags":[]},{"ancestorTitles":["TerrainTopbar"],"fullName":"TerrainTopbar renders long hub page titles without crashing","status":"passed","title":"renders long hub page titles without crashing","duration":4.278832999999963,"failureMessages":[],"meta":{},"tags":[]},{"ancestorTitles":["TerrainTopbar"],"fullName":"TerrainTopbar renders detail back button without visible border classes","status":"passed","title":"renders detail back button without visible border classes","duration":12.697417000000087,"failureMessages":[],"meta":{},"tags":[]}],"startTime":1784103815481,"endTime":1784103815592.6975,"status":"passed","message":"","name":"/Users/leobsn/Desktop/houston_project/apps/web/src/components/layout/terrain-topbar.test.tsx"},{"assertionResults":[{"ancestorTitles":["auth api cache isolation"],"fullName":"auth api cache isolation purges non-auth queries when switching establishment","status":"passed","title":"purges non-auth queries when switching establishment","duration":4.232292000000001,"failureMessages":[],"meta":{},"tags":[]},{"ancestorTitles":["auth api cache isolation"],"fullName":"auth api cache isolation purges non-auth queries on login","status":"passed","title":"purges non-auth queries on login","duration":1.8432920000000195,"failureMessages":[],"meta":{},"tags":[]},{"ancestorTitles":["auth api cache isolation"],"fullName":"auth api cache isolation purges non-auth queries on registerOnboarding","status":"passed","title":"purges non-auth queries on registerOnboarding","duration":0.9911659999999927,"failureMessages":[],"meta":{},"tags":[]},{"ancestorTitles":["auth api cache isolation"],"fullName":"auth api cache isolation clears the entire query cache on clearAuthState","status":"passed","title":"clears the entire query cache on clearAuthState","duration":1.0896250000000123,"failureMessages":[],"meta":{},"tags":[]}],"startTime":1784103820275,"endTime":1784103820283.0896,"status":"passed","message":"","name":"/Users/leobsn/Desktop/houston_project/apps/web/src/features/auth/api.test.ts"},{"assertionResults":[{"ancestorTitles":["chat nav availability integration"],"fullName":"chat nav availability integration shows chat nav when bootstrap is stale but runtime status is available","status":"passed","title":"shows chat nav when bootstrap is stale but runtime status is available","duration":1.4192919999999987,"failureMessages":[],"meta":{},"tags":[]},{"ancestorTitles":["chat nav availability integration"],"fullName":"chat nav availability integration hides chat nav when bootstrap is stale-enabled but runtime status is disabled","status":"passed","title":"hides chat nav when bootstrap is stale-enabled but runtime status is disabled","duration":0.21316699999999855,"failureMessages":[],"meta":{},"tags":[]},{"ancestorTitles":["chat nav availability integration"],"fullName":"chat nav availability integration redirects away from chat routes when runtime status becomes unavailable","status":"passed","title":"redirects away from chat routes when runtime status becomes unavailable","duration":0.16100000000000136,"failureMessages":[],"meta":{},"tags":[]},{"ancestorTitles":["chat nav availability integration"],"fullName":"chat nav availability integration does not redirect while runtime status is still loading","status":"passed","title":"does not redirect while runtime status is still loading","duration":0.13479099999999278,"failureMessages":[],"meta":{},"tags":[]}],"startTime":1784103821137,"endTime":1784103821139.2131,"status":"passed","message":"","name":"/Users/leobsn/Desktop/houston_project/apps/web/src/features/chat/chat-nav-availability.integration.test.tsx"},{"assertionResults":[{"ancestorTitles":["chat terrain unread integration"],"fullName":"chat terrain unread integration updates conversations cache and bottom nav dot on message.created while off Chat route","status":"passed","title":"updates conversations cache and bottom nav dot on message.created while off Chat route","duration":15.776624999999967,"failureMessages":[],"meta":{},"tags":[]}],"startTime":1784103819258,"endTime":1784103819273.7766,"status":"passed","message":"","name":"/Users/leobsn/Desktop/houston_project/apps/web/src/features/chat/chat-terrain-unread.integration.test.tsx"},{"assertionResults":[{"ancestorTitles":["useChatAvailability"],"fullName":"useChatAvailability does not invalidate chat status on mount or simple rerender","status":"passed","title":"does not invalidate chat status on mount or simple rerender","duration":20.510042,"failureMessages":[],"meta":{},"tags":[]},{"ancestorTitles":["useChatAvailability"],"fullName":"useChatAvailability does not refetch chat status on rerender while data is fresh","status":"passed","title":"does not refetch chat status on rerender while data is fresh","duration":5.456709000000046,"failureMessages":[],"meta":{},"tags":[]}],"startTime":1784103819453,"endTime":1784103819479.4568,"status":"passed","message":"","name":"/Users/leobsn/Desktop/houston_project/apps/web/src/features/chat/hooks.availability.test.ts"},{"assertionResults":[{"ancestorTitles":["comments api"],"fullName":"comments api fetches signal comments with nested path params","status":"passed","title":"fetches signal comments with nested path params","duration":1.9527500000000089,"failureMessages":[],"meta":{},"tags":[]},{"ancestorTitles":["comments api"],"fullName":"comments api creates signal comments with body and mentions","status":"passed","title":"creates signal comments with body and mentions","duration":0.2615830000000017,"failureMessages":[],"meta":{},"tags":[]},{"ancestorTitles":["comments api"],"fullName":"comments api searches users for mentions without business unit filter","status":"passed","title":"searches users for mentions without business unit filter","duration":0.22424999999999784,"failureMessages":[],"meta":{},"tags":[]}],"startTime":1784103820734,"endTime":1784103820736.2615,"status":"passed","message":"","name":"/Users/leobsn/Desktop/houston_project/apps/web/src/features/comments/api.test.ts"},{"assertionResults":[{"ancestorTitles":["stripFirstMentionText"],"fullName":"stripFirstMentionText removes the first exact @DisplayName occurrence with trailing space","status":"passed","title":"removes the first exact @DisplayName occurrence with trailing space","duration":1.4310409999999365,"failureMessages":[],"meta":{},"tags":[]},{"ancestorTitles":["CommentComposer"],"fullName":"CommentComposer shows a removable mention chip and omits removed ids from submit payload","status":"passed","title":"shows a removable mention chip and omits removed ids from submit payload","duration":152.81174999999996,"failureMessages":[],"meta":{},"tags":[]},{"ancestorTitles":["CommentComposer"],"fullName":"CommentComposer clears draft only when reset is called explicitly","status":"passed","title":"clears draft only when reset is called explicitly","duration":14.088041999999973,"failureMessages":[],"meta":{},"tags":[]},{"ancestorTitles":["CommentComposer"],"fullName":"CommentComposer renders reply variant as a single pill with integrated send button","status":"passed","title":"renders reply variant as a single pill with integrated send button","duration":3.040292000000022,"failureMessages":[],"meta":{},"tags":[]}],"startTime":1784103816321,"endTime":1784103816492.0403,"status":"passed","message":"","name":"/Users/leobsn/Desktop/houston_project/apps/web/src/features/comments/comment-composer.test.tsx"},{"assertionResults":[{"ancestorTitles":["CommentSection"],"fullName":"CommentSection renders empty state and disabled submit for empty draft on signal detail","status":"passed","title":"renders empty state and disabled submit for empty draft on signal detail","duration":36.96220800000003,"failureMessages":[],"meta":{},"tags":[]},{"ancestorTitles":["CommentSection"],"fullName":"CommentSection renders execution threads without reply/resolve on inherited signal comments","status":"passed","title":"renders execution threads without reply/resolve on inherited signal comments","duration":18.989959,"failureMessages":[],"meta":{},"tags":[]},{"ancestorTitles":["CommentSection"],"fullName":"CommentSection keeps reply composer open and shows error on the failing thread","status":"passed","title":"keeps reply composer open and shows error on the failing thread","duration":79.48037499999998,"failureMessages":[],"meta":{},"tags":[]},{"ancestorTitles":["CommentSection"],"fullName":"CommentSection does not show reply error on a different thread","status":"passed","title":"does not show reply error on a different thread","duration":23.569249999999897,"failureMessages":[],"meta":{},"tags":[]},{"ancestorTitles":["CommentSection"],"fullName":"CommentSection does not show reply error in the root composer","status":"passed","title":"does not show reply error in the root composer","duration":12.844584000000054,"failureMessages":[],"meta":{},"tags":[]},{"ancestorTitles":["CommentSection"],"fullName":"CommentSection does not show root comment error on reply threads","status":"passed","title":"does not show root comment error on reply threads","duration":10.262292000000002,"failureMessages":[],"meta":{},"tags":[]},{"ancestorTitles":["CommentSection"],"fullName":"CommentSection shows unavailable message when highlight id is missing from loaded comments","status":"passed","title":"shows unavailable message when highlight id is missing from loaded comments","duration":7.705249999999978,"failureMessages":[],"meta":{},"tags":[]},{"ancestorTitles":["CommentList execution mode"],"fullName":"CommentList execution mode collapses and expands replies","status":"passed","title":"collapses and expands replies","duration":19.55929100000003,"failureMessages":[],"meta":{},"tags":[]},{"ancestorTitles":["CommentList execution mode"],"fullName":"CommentList execution mode shows reply error only on the thread that failed","status":"passed","title":"shows reply error only on the thread that failed","duration":4.661333000000013,"failureMessages":[],"meta":{},"tags":[]}],"startTime":1784103812932,"endTime":1784103813146.6614,"status":"passed","message":"","name":"/Users/leobsn/Desktop/houston_project/apps/web/src/features/comments/comment-section.test.tsx"},{"assertionResults":[{"ancestorTitles":["comment mutations"],"fullName":"comment mutations invalidates signal comment queries on success","status":"passed","title":"invalidates signal comment queries on success","duration":66.72104200000001,"failureMessages":[],"meta":{},"tags":[]},{"ancestorTitles":["comment mutations"],"fullName":"comment mutations invalidates execution comment queries after create","status":"passed","title":"invalidates execution comment queries after create","duration":52.861582999999996,"failureMessages":[],"meta":{},"tags":[]},{"ancestorTitles":["comment mutations"],"fullName":"comment mutations invalidates execution comment queries after resolve","status":"passed","title":"invalidates execution comment queries after resolve","duration":56.70825000000002,"failureMessages":[],"meta":{},"tags":[]},{"ancestorTitles":["comment mutations"],"fullName":"comment mutations invalidates execution comment queries after unresolve","status":"passed","title":"invalidates execution comment queries after unresolve","duration":54.099917000000005,"failureMessages":[],"meta":{},"tags":[]}],"startTime":1784103816835,"endTime":1784103817066.0999,"status":"passed","message":"","name":"/Users/leobsn/Desktop/houston_project/apps/web/src/features/comments/hooks.mutations.test.ts"},{"assertionResults":[{"ancestorTitles":["getActiveMentionQuery"],"fullName":"getActiveMentionQuery returns null when no mention trigger is active","status":"passed","title":"returns null when no mention trigger is active","duration":0.6610829999999623,"failureMessages":[],"meta":{},"tags":[]},{"ancestorTitles":["getActiveMentionQuery"],"fullName":"getActiveMentionQuery returns query after @ when at least two characters are typed","status":"passed","title":"returns query after @ when at least two characters are typed","duration":0.1144170000000031,"failureMessages":[],"meta":{},"tags":[]},{"ancestorTitles":["getActiveMentionQuery"],"fullName":"getActiveMentionQuery returns null when mention fragment contains whitespace","status":"passed","title":"returns null when mention fragment contains whitespace","duration":0.058749999999918145,"failureMessages":[],"meta":{},"tags":[]},{"ancestorTitles":["MentionPicker"],"fullName":"MentionPicker renders tap-friendly suggestions and calls onSelect","status":"passed","title":"renders tap-friendly suggestions and calls onSelect","duration":105.50725,"failureMessages":[],"meta":{},"tags":[]},{"ancestorTitles":["MentionPicker"],"fullName":"MentionPicker shows minimum length hint before two characters","status":"passed","title":"shows minimum length hint before two characters","duration":3.8345829999999523,"failureMessages":[],"meta":{},"tags":[]}],"startTime":1784103815240,"endTime":1784103815349.8345,"status":"passed","message":"","name":"/Users/leobsn/Desktop/houston_project/apps/web/src/features/comments/mention-picker.test.tsx"},{"assertionResults":[{"ancestorTitles":["useCreateActionPlanMutation"],"fullName":"useCreateActionPlanMutation invalidates execution and signal queries when create returns an execution","status":"passed","title":"invalidates execution and signal queries when create returns an execution","duration":61.237167,"failureMessages":[],"meta":{},"tags":[]},{"ancestorTitles":["useCreateActionPlanScheduleMutation"],"fullName":"useCreateActionPlanScheduleMutation invalidates catalog and schedule queries after schedule create","status":"passed","title":"invalidates catalog and schedule queries after schedule create","duration":56.87450000000001,"failureMessages":[],"meta":{},"tags":[]}],"startTime":1784103817967,"endTime":1784103818085.8745,"status":"passed","message":"","name":"/Users/leobsn/Desktop/houston_project/apps/web/src/features/action-plans/hooks.mutations.test.ts"},{"assertionResults":[{"ancestorTitles":["Input"],"fullName":"Input uses mobile-safe font size classes to prevent iOS focus zoom","status":"passed","title":"uses mobile-safe font size classes to prevent iOS focus zoom","duration":120.45358299999998,"failureMessages":[],"meta":{},"tags":[]}],"startTime":1784103817021,"endTime":1784103817141.4536,"status":"passed","message":"","name":"/Users/leobsn/Desktop/houston_project/apps/web/src/components/ui/input.test.tsx"},{"assertionResults":[{"ancestorTitles":["Textarea"],"fullName":"Textarea uses mobile-safe font size classes to prevent iOS focus zoom","status":"passed","title":"uses mobile-safe font size classes to prevent iOS focus zoom","duration":115.09179200000005,"failureMessages":[],"meta":{},"tags":[]}],"startTime":1784103816251,"endTime":1784103816366.0918,"status":"passed","message":"","name":"/Users/leobsn/Desktop/houston_project/apps/web/src/components/ui/textarea.test.tsx"},{"assertionResults":[{"ancestorTitles":["notifications api"],"fullName":"notifications api does not send status when filter is all","status":"passed","title":"does not send status when filter is all","duration":2.745082999999994,"failureMessages":[],"meta":{},"tags":[]},{"ancestorTitles":["notifications api"],"fullName":"notifications api sends status=unread when filter is unread","status":"passed","title":"sends status=unread when filter is unread","duration":0.5563750000000027,"failureMessages":[],"meta":{},"tags":[]}],"startTime":1784103820708,"endTime":1784103820711.5564,"status":"passed","message":"","name":"/Users/leobsn/Desktop/houston_project/apps/web/src/features/notifications/api.notifications.test.ts"},{"assertionResults":[{"ancestorTitles":["notification mutations"],"fullName":"notification mutations invalidates establishment notification lists after mark-read","status":"passed","title":"invalidates establishment notification lists after mark-read","duration":68.20245899999998,"failureMessages":[],"meta":{},"tags":[]},{"ancestorTitles":["notification mutations"],"fullName":"notification mutations invalidates establishment notification lists after mark-all-read","status":"passed","title":"invalidates establishment notification lists after mark-all-read","duration":54.340834000000086,"failureMessages":[],"meta":{},"tags":[]},{"ancestorTitles":["notification mutations"],"fullName":"notification mutations invalidates establishment notification preferences after update","status":"passed","title":"invalidates establishment notification preferences after update","duration":55.216583000000014,"failureMessages":[],"meta":{},"tags":[]}],"startTime":1784103817679,"endTime":1784103817857.2166,"status":"passed","message":"","name":"/Users/leobsn/Desktop/houston_project/apps/web/src/features/notifications/hooks.mutations.test.ts"},{"assertionResults":[{"ancestorTitles":["NotificationCenter"],"fullName":"NotificationCenter shows unread badge on the bell button","status":"passed","title":"shows unread badge on the bell button","duration":103.47170799999992,"failureMessages":[],"meta":{},"tags":[]},{"ancestorTitles":["NotificationCenter"],"fullName":"NotificationCenter hides unread badge when there are no unread notifications","status":"passed","title":"hides unread badge when there are no unread notifications","duration":11.658708000000047,"failureMessages":[],"meta":{},"tags":[]},{"ancestorTitles":["NotificationCenter"],"fullName":"NotificationCenter navigates to the notifications center when the bell is clicked","status":"passed","title":"navigates to the notifications center when the bell is clicked","duration":4.76216700000009,"failureMessages":[],"meta":{},"tags":[]},{"ancestorTitles":["NotificationCenter"],"fullName":"NotificationCenter does not render a notification dropdown panel","status":"passed","title":"does not render a notification dropdown panel","duration":8.70962499999996,"failureMessages":[],"meta":{},"tags":[]}],"startTime":1784103813877,"endTime":1784103814005.7097,"status":"passed","message":"","name":"/Users/leobsn/Desktop/houston_project/apps/web/src/features/notifications/notification-center.test.tsx"},{"assertionResults":[{"ancestorTitles":["NotificationsCenterPage"],"fullName":"NotificationsCenterPage shows loading label while unread count is unknown","status":"passed","title":"shows loading label while unread count is unknown","duration":123.59983399999999,"failureMessages":[],"meta":{},"tags":[]},{"ancestorTitles":["NotificationsCenterPage"],"fullName":"NotificationsCenterPage renders page title and unread count","status":"passed","title":"renders page title and unread count","duration":30.993875000000003,"failureMessages":[],"meta":{},"tags":[]},{"ancestorTitles":["NotificationsCenterPage"],"fullName":"NotificationsCenterPage applies brand active classes on the selected filter and unread count badge","status":"passed","title":"applies brand active classes on the selected filter and unread count badge","duration":11.076082999999926,"failureMessages":[],"meta":{},"tags":[]},{"ancestorTitles":["NotificationsCenterPage"],"fullName":"NotificationsCenterPage renders unread notifications with chat-aligned unread dot color","status":"passed","title":"renders unread notifications with chat-aligned unread dot color","duration":9.552374999999984,"failureMessages":[],"meta":{},"tags":[]},{"ancestorTitles":["NotificationsCenterPage"],"fullName":"NotificationsCenterPage switches filter between all and unread","status":"passed","title":"switches filter between all and unread","duration":22.86008300000003,"failureMessages":[],"meta":{},"tags":[]},{"ancestorTitles":["NotificationsCenterPage"],"fullName":"NotificationsCenterPage shows unread-specific empty message when filter is unread","status":"passed","title":"shows unread-specific empty message when filter is unread","duration":3.2678750000000036,"failureMessages":[],"meta":{},"tags":[]},{"ancestorTitles":["NotificationsCenterPage"],"fullName":"NotificationsCenterPage keeps unread count stable while filtered list is loading","status":"passed","title":"keeps unread count stable while filtered list is loading","duration":15.418917000000079,"failureMessages":[],"meta":{},"tags":[]},{"ancestorTitles":["NotificationsCenterPage"],"fullName":"NotificationsCenterPage navigates and marks notification read on click","status":"passed","title":"navigates and marks notification read on click","duration":2.869583000000034,"failureMessages":[],"meta":{},"tags":[]},{"ancestorTitles":["NotificationsCenterPage"],"fullName":"NotificationsCenterPage marks all notifications as read from the page header","status":"passed","title":"marks all notifications as read from the page header","duration":16.456249999999955,"failureMessages":[],"meta":{},"tags":[]}],"startTime":1784103812504,"endTime":1784103812740.4563,"status":"passed","message":"","name":"/Users/leobsn/Desktop/houston_project/apps/web/src/features/notifications/notifications-center-page.test.tsx"},{"assertionResults":[{"ancestorTitles":["processing-status-labels"],"fullName":"processing-status-labels maps ux_status codes to French labels","status":"passed","title":"maps ux_status codes to French labels","duration":0.7973339999999922,"failureMessages":[],"meta":{},"tags":[]},{"ancestorTitles":["processing-status-labels"],"fullName":"processing-status-labels detects terminal processing statuses","status":"passed","title":"detects terminal processing statuses","duration":0.1268750000000125,"failureMessages":[],"meta":{},"tags":[]},{"ancestorTitles":["processing-status-labels"],"fullName":"processing-status-labels polls until terminal status","status":"passed","title":"polls until terminal status","duration":0.1041670000000039,"failureMessages":[],"meta":{},"tags":[]},{"ancestorTitles":["processing-status-labels"],"fullName":"processing-status-labels shows signal feed navigation only when a signal was created or updated","status":"passed","title":"shows signal feed navigation only when a signal was created or updated","duration":0.09608400000000472,"failureMessages":[],"meta":{},"tags":[]},{"ancestorTitles":["processing-status-labels"],"fullName":"processing-status-labels invalidates signal feed only on processed terminal outcomes with feed updates","status":"passed","title":"invalidates signal feed only on processed terminal outcomes with feed updates","duration":0.10858299999999588,"failureMessages":[],"meta":{},"tags":[]},{"ancestorTitles":["processing-status-labels"],"fullName":"processing-status-labels does not use signal_ids or feed fallbacks for navigation helpers","status":"passed","title":"does not use signal_ids or feed fallbacks for navigation helpers","duration":0.11991700000000094,"failureMessages":[],"meta":{},"tags":[]}],"startTime":1784103821287,"endTime":1784103821288.1199,"status":"passed","message":"","name":"/Users/leobsn/Desktop/houston_project/apps/web/src/features/observations/processing-status-labels.test.ts"},{"assertionResults":[{"ancestorTitles":["processing-status-popup"],"fullName":"processing-status-popup formats success headline for two signals created","status":"passed","title":"formats success headline for two signals created","duration":1.6145000000000067,"failureMessages":[],"meta":{},"tags":[]},{"ancestorTitles":["processing-status-popup"],"fullName":"processing-status-popup formats success headline for one signal updated","status":"passed","title":"formats success headline for one signal updated","duration":0.3170830000000251,"failureMessages":[],"meta":{},"tags":[]},{"ancestorTitles":["processing-status-popup"],"fullName":"processing-status-popup returns null headline when no feed navigation","status":"passed","title":"returns null headline when no feed navigation","duration":0.39154199999998696,"failureMessages":[],"meta":{},"tags":[]},{"ancestorTitles":["processing-status-popup"],"fullName":"processing-status-popup formats signal summary with business unit taxonomy and location","status":"passed","title":"formats signal summary with business unit taxonomy and location","duration":0.6108330000000137,"failureMessages":[],"meta":{},"tags":[]},{"ancestorTitles":["processing-status-popup"],"fullName":"processing-status-popup shows signal list only for terminal success ux statuses","status":"passed","title":"shows signal list only for terminal success ux statuses","duration":0.22604099999998084,"failureMessages":[],"meta":{},"tags":[]}],"startTime":1784103821173,"endTime":1784103821176.6108,"status":"passed","message":"","name":"/Users/leobsn/Desktop/houston_project/apps/web/src/features/observations/processing-status-popup.test.ts"},{"assertionResults":[{"ancestorTitles":["report-page success state"],"fullName":"report-page success state shows feed navigation only for signal_created ux status","status":"passed","title":"shows feed navigation only for signal_created ux status","duration":1.1417920000000095,"failureMessages":[],"meta":{},"tags":[]},{"ancestorTitles":["report-page success state"],"fullName":"report-page success state uses feed-only path for optional CTA","status":"passed","title":"uses feed-only path for optional CTA","duration":0.3694580000000087,"failureMessages":[],"meta":{},"tags":[]},{"ancestorTitles":["report-page success state"],"fullName":"report-page success state does not show feed CTA copy for no_signal_created or analysis_failed","status":"passed","title":"does not show feed CTA copy for no_signal_created or analysis_failed","duration":0.255874999999989,"failureMessages":[],"meta":{},"tags":[]},{"ancestorTitles":["report-page success state"],"fullName":"report-page success state formats popup headline from signal count without detail paths","status":"passed","title":"formats popup headline from signal count without detail paths","duration":0.14991699999998787,"failureMessages":[],"meta":{},"tags":[]}],"startTime":1784103821251,"endTime":1784103821253.2559,"status":"passed","message":"","name":"/Users/leobsn/Desktop/houston_project/apps/web/src/features/observations/report-page-success.test.ts"},{"assertionResults":[{"ancestorTitles":["useResolveSignalMutation"],"fullName":"useResolveSignalMutation invalidates signal queries on success","status":"passed","title":"invalidates signal queries on success","duration":65.47904200000005,"failureMessages":[],"meta":{},"tags":[]},{"ancestorTitles":["useCancelSignalMutation"],"fullName":"useCancelSignalMutation invalidates signal queries and removes detail cache on success","status":"passed","title":"invalidates signal queries and removes detail cache on success","duration":57.168333000000075,"failureMessages":[],"meta":{},"tags":[]},{"ancestorTitles":["usePinSignalMutation"],"fullName":"usePinSignalMutation invalidates feed view modes without establishment-wide detail invalidation","status":"passed","title":"invalidates feed view modes without establishment-wide detail invalidation","duration":54.07091600000001,"failureMessages":[],"meta":{},"tags":[]},{"ancestorTitles":["useUnpinSignalMutation"],"fullName":"useUnpinSignalMutation invalidates feed view modes without establishment-wide detail invalidation","status":"passed","title":"invalidates feed view modes without establishment-wide detail invalidation","duration":54.782583000000045,"failureMessages":[],"meta":{},"tags":[]}],"startTime":1784103817044,"endTime":1784103817275.7825,"status":"passed","message":"","name":"/Users/leobsn/Desktop/houston_project/apps/web/src/features/signals/hooks.mutations.test.ts"},{"assertionResults":[{"ancestorTitles":["searchEstablishmentUsers"],"fullName":"searchEstablishmentUsers does not send business_unit_id when scope filter omitted","status":"passed","title":"does not send business_unit_id when scope filter omitted","duration":2.898707999999999,"failureMessages":[],"meta":{},"tags":[]},{"ancestorTitles":["searchEstablishmentUsers"],"fullName":"searchEstablishmentUsers sends business_unit_id when provided for scoped assignee search","status":"passed","title":"sends business_unit_id when provided for scoped assignee search","duration":0.31312499999999943,"failureMessages":[],"meta":{},"tags":[]}],"startTime":1784103820848,"endTime":1784103820851.3132,"status":"passed","message":"","name":"/Users/leobsn/Desktop/houston_project/apps/web/src/features/users/api-user-search.test.ts"},{"assertionResults":[{"ancestorTitles":["useAppPageWorkspace"],"fullName":"useAppPageWorkspace ignores concurrent establishment switches","status":"passed","title":"ignores concurrent establishment switches","duration":24.91187500000001,"failureMessages":[],"meta":{},"tags":[]}],"startTime":1784103819276,"endTime":1784103819300.9119,"status":"passed","message":"","name":"/Users/leobsn/Desktop/houston_project/apps/web/src/features/auth/hooks/use-app-page-workspace.test.ts"},{"assertionResults":[{"ancestorTitles":["useMembershipInviteForm"],"fullName":"useMembershipInviteForm stores invitedEmail and invitationLink after successful submit","status":"passed","title":"stores invitedEmail and invitationLink after successful submit","duration":103.94387500000005,"failureMessages":[],"meta":{},"tags":[]},{"ancestorTitles":["useMembershipInviteForm"],"fullName":"useMembershipInviteForm exposes invitedEmail from hook state","status":"passed","title":"exposes invitedEmail from hook state","duration":3.968291000000022,"failureMessages":[],"meta":{},"tags":[]},{"ancestorTitles":["useMembershipInviteForm"],"fullName":"useMembershipInviteForm clears invitation success state when a new submit starts","status":"passed","title":"clears invitation success state when a new submit starts","duration":24.582499999999982,"failureMessages":[],"meta":{},"tags":[]},{"ancestorTitles":["useMembershipInviteForm"],"fullName":"useMembershipInviteForm clears invitation success state when a retry fails","status":"passed","title":"clears invitation success state when a retry fails","duration":18.73020800000006,"failureMessages":[],"meta":{},"tags":[]}],"startTime":1784103814970,"endTime":1784103815121.7302,"status":"passed","message":"","name":"/Users/leobsn/Desktop/houston_project/apps/web/src/features/auth/hooks/use-membership-invite-form.test.ts"},{"assertionResults":[{"ancestorTitles":["LoginForm"],"fullName":"LoginForm renders French labels and placeholder","status":"passed","title":"renders French labels and placeholder","duration":104.76733300000001,"failureMessages":[],"meta":{},"tags":[]},{"ancestorTitles":["LoginForm"],"fullName":"Log
[...]
ts in section order","duration":0.09637500000000898,"failureMessages":[],"meta":{},"tags":[]},{"ancestorTitles":["partitionFeedPinnedItems"],"fullName":"partitionFeedPinnedItems splits pinned and unpinned while preserving API order","status":"passed","title":"splits pinned and unpinned while preserving API order","duration":0.10450000000000159,"failureMessages":[],"meta":{},"tags":[]},{"ancestorTitles":["partitionFeedPinnedItems"],"fullName":"partitionFeedPinnedItems excludes pinned items from status grouping when using unpinned only","status":"passed","title":"excludes pinned items from status grouping when using unpinned only","duration":0.12204099999999585,"failureMessages":[],"meta":{},"tags":[]},{"ancestorTitles":["pinned signal card display helpers"],"fullName":"pinned signal card display helpers uses neutral shell without left accent (pending-validation card family)","status":"passed","title":"uses neutral shell without left accent (pending-validation card family)","duration":4.277332999999999,"failureMessages":[],"meta":{},"tags":[]},{"ancestorTitles":["getSignalCardLeftAccentClass"],"fullName":"getSignalCardLeftAccentClass uses status accent when pinned flag is set but standard feed card is used","status":"passed","title":"uses status accent when pinned flag is set but standard feed card is used","duration":0.3129159999999871,"failureMessages":[],"meta":{},"tags":[]},{"ancestorTitles":["getSignalCardLeftAccentClass"],"fullName":"getSignalCardLeftAccentClass returns status colors for standard non-pinned items","status":"passed","title":"returns status colors for standard non-pinned items","duration":0.26304199999998445,"failureMessages":[],"meta":{},"tags":[]},{"ancestorTitles":["getSignalCardLeftAccentClass"],"fullName":"getSignalCardLeftAccentClass returns dedicated archived accent and neutral for canceled or unknown","status":"passed","title":"returns dedicated archived accent and neutral for canceled or unknown","duration":0.1588750000000232,"failureMessages":[],"meta":{},"tags":[]},{"ancestorTitles":["getSignalCardLeftAccentColor"],"fullName":"getSignalCardLeftAccentColor uses status accent color when pinned flag is set but standard feed card is used","status":"passed","title":"uses status accent color when pinned flag is set but standard feed card is used","duration":0.18079099999999926,"failureMessages":[],"meta":{},"tags":[]},{"ancestorTitles":["getSignalCardLeftAccentColor"],"fullName":"getSignalCardLeftAccentColor returns status colors for standard non-pinned items","status":"passed","title":"returns status colors for standard non-pinned items","duration":0.20641700000001606,"failureMessages":[],"meta":{},"tags":[]},{"ancestorTitles":["getSignalCardLeftAccentColor"],"fullName":"getSignalCardLeftAccentColor returns dedicated archived accent and neutral for canceled or unknown","status":"passed","title":"returns dedicated archived accent and neutral for canceled or unknown","duration":0.1393329999999935,"failureMessages":[],"meta":{},"tags":[]},{"ancestorTitles":["formatSignalAggregationBadge"],"fullName":"formatSignalAggregationBadge prefixes count with x","status":"passed","title":"prefixes count with x","duration":0.11020899999999756,"failureMessages":[],"meta":{},"tags":[]},{"ancestorTitles":["formatSignalAggregationLabel"],"fullName":"formatSignalAggregationLabel uses singular for one aggregation","status":"passed","title":"uses singular for one aggregation","duration":0.0939159999999788,"failureMessages":[],"meta":{},"tags":[]},{"ancestorTitles":["formatSignalAggregationLabel"],"fullName":"formatSignalAggregationLabel uses plural for multiple aggregations","status":"passed","title":"uses plural for multiple aggregations","duration":0.11654100000001222,"failureMessages":[],"meta":{},"tags":[]},{"ancestorTitles":["getSignalStatusBadgeVariant"],"fullName":"getSignalStatusBadgeVariant maps active statuses to amber, blue, and green","status":"passed","title":"maps active statuses to amber, blue, and green","duration":0.13425000000000864,"failureMessages":[],"meta":{},"tags":[]},{"ancestorTitles":["getSignalStatusBadgeVariant"],"fullName":"getSignalStatusBadgeVariant maps archived, canceled, and unknown to gray","status":"passed","title":"maps archived, canceled, and unknown to gray","duration":0.09850000000000136,"failureMessages":[],"meta":{},"tags":[]}],"startTime":1784103819459,"endTime":1784103819468.2063,"status":"passed","message":"","name":"/Users/leobsn/Desktop/houston_project/apps/web/src/features/signals/lib/signal-display.test.ts"},{"assertionResults":[{"ancestorTitles":["feedItemPatchFromDetail"],"fullName":"feedItemPatchFromDetail maps overlapping feed fields from detail","status":"passed","title":"maps overlapping feed fields from detail","duration":1.360749999999996,"failureMessages":[],"meta":{},"tags":[]},{"ancestorTitles":["patchSignalInActiveFeedCache"],"fullName":"patchSignalInActiveFeedCache patches the matching item across infinite query pages","status":"passed","title":"patches the matching item across infinite query pages","duration":1.9024160000000165,"failureMessages":[],"meta":{},"tags":[]},{"ancestorTitles":["invalidateSignalFeedViewModes"],"fullName":"invalidateSignalFeedViewModes invalidates personal and general feed prefixes without detail queries","status":"passed","title":"invalidates personal and general feed prefixes without detail queries","duration":1.8869169999999826,"failureMessages":[],"meta":{},"tags":[]},{"ancestorTitles":["updateSignalDetailCache"],"fullName":"updateSignalDetailCache sets detail data only when detail query is already cached","status":"passed","title":"sets detail data only when detail query is already cached","duration":0.6422919999999976,"failureMessages":[],"meta":{},"tags":[]},{"ancestorTitles":["applySignalQuickActionSuccess"],"fullName":"applySignalQuickActionSuccess invalidates feed view modes on pin without invalidating detail prefix","status":"passed","title":"invalidates feed view modes on pin without invalidating detail prefix","duration":0.4959169999999915,"failureMessages":[],"meta":{},"tags":[]}],"startTime":1784103820528,"endTime":1784103820534.4958,"status":"passed","message":"","name":"/Users/leobsn/Desktop/houston_project/apps/web/src/features/signals/lib/signal-feed-cache.test.ts"},{"assertionResults":[{"ancestorTitles":["canOpenSignalFeedCardActions"],"fullName":"canOpenSignalFeedCardActions returns false when no actionable permission","status":"passed","title":"returns false when no actionable permission","duration":1.3637500000000102,"failureMessages":[],"meta":{},"tags":[]},{"ancestorTitles":["canOpenSignalFeedCardActions"],"fullName":"canOpenSignalFeedCardActions returns true when can_pin is true","status":"passed","title":"returns true when can_pin is true","duration":0.1782089999999954,"failureMessages":[],"meta":{},"tags":[]},{"ancestorTitles":["canOpenSignalFeedCardActions"],"fullName":"canOpenSignalFeedCardActions returns true when can_resolve is true","status":"passed","title":"returns true when can_resolve is true","duration":0.13112499999999727,"failureMessages":[],"meta":{},"tags":[]},{"ancestorTitles":["canOpenSignalFeedCardActions"],"fullName":"canOpenSignalFeedCardActions returns true when can_cancel is true","status":"passed","title":"returns true when can_cancel is true","duration":0.12995800000000202,"failureMessages":[],"meta":{},"tags":[]},{"ancestorTitles":["getSignalFeedCardActionOptions"],"fullName":"getSignalFeedCardActionOptions returns no options when no permissions","status":"passed","title":"returns no options when no permissions","duration":0.5432920000000081,"failureMessages":[],"meta":{},"tags":[]},{"ancestorTitles":["getSignalFeedCardActionOptions"],"fullName":"getSignalFeedCardActionOptions returns pin action when can_pin and not pinned","status":"passed","title":"returns pin action when can_pin and not pinned","duration":0.20762500000000728,"failureMessages":[],"meta":{},"tags":[]},{"ancestorTitles":["getSignalFeedCardActionOptions"],"fullName":"getSignalFeedCardActionOptions returns unpin action when can_pin and pinned","status":"passed","title":"returns unpin action when can_pin and pinned","duration":0.1520840000000021,"failureMessages":[],"meta":{},"tags":[]},{"ancestorTitles":["getSignalFeedCardActionOptions"],"fullName":"getSignalFeedCardActionOptions returns resolve action when can_resolve","status":"passed","title":"returns resolve action when can_resolve","duration":0.1528330000000011,"failureMessages":[],"meta":{},"tags":[]},{"ancestorTitles":["getSignalFeedCardActionOptions"],"fullName":"getSignalFeedCardActionOptions returns cancel action when can_cancel","status":"passed","title":"returns cancel action when can_cancel","duration":0.15741700000000947,"failureMessages":[],"meta":{},"tags":[]},{"ancestorTitles":["getSignalFeedCardActionOptions"],"fullName":"getSignalFeedCardActionOptions returns all actions in order when all permissions are granted","status":"passed","title":"returns all actions in order when all permissions are granted","duration":0.21445799999999338,"failureMessages":[],"meta":{},"tags":[]}],"startTime":1784103821001,"endTime":1784103821004.2144,"status":"passed","message":"","name":"/Users/leobsn/Desktop/houston_project/apps/web/src/features/signals/lib/signal-feed-card-actions.test.ts"},{"assertionResults":[{"ancestorTitles":["signal-feed-classification-selection"],"fullName":"signal-feed-classification-selection collects business unit keys and activity subject ids from tree","status":"passed","title":"collects business unit keys and activity subject ids from tree","duration":1.8812080000000009,"failureMessages":[],"meta":{},"tags":[]},{"ancestorTitles":["signal-feed-classification-selection"],"fullName":"signal-feed-classification-selection toggles business unit and activity subject selections","status":"passed","title":"toggles business unit and activity subject selections","duration":0.5818340000000006,"failureMessages":[],"meta":{},"tags":[]},{"ancestorTitles":["signal-feed-classification-selection"],"fullName":"signal-feed-classification-selection filters business units by search query","status":"passed","title":"filters business units by search query","duration":0.3797090000000054,"failureMessages":[],"meta":{},"tags":[]}],"startTime":1784103821167,"endTime":1784103821169.5818,"status":"passed","message":"","name":"/Users/leobsn/Desktop/houston_project/apps/web/src/features/signals/lib/signal-feed-classification-selection.test.ts"},{"assertionResults":[{"ancestorTitles":["normalizeSignalFeedFilters"],"fullName":"normalizeSignalFeedFilters deduplicates and sorts values for stable query keys","status":"passed","title":"deduplicates and sorts values for stable query keys","duration":1.9043749999999875,"failureMessages":[],"meta":{},"tags":[]},{"ancestorTitles":["normalizeSignalFeedFilters"],"fullName":"normalizeSignalFeedFilters keeps feed statuses and drops invalid activity subject ids","status":"passed","title":"keeps feed statuses and drops invalid activity subject ids","duration":0.13279099999999744,"failureMessages":[],"meta":{},"tags":[]},{"ancestorTitles":["hasActiveSignalFeedFilters"],"fullName":"hasActiveSignalFeedFilters returns false for empty filters","status":"passed","title":"returns false for empty filters","duration":0.10658300000000054,"failureMessages":[],"meta":{},"tags":[]},{"ancestorTitles":["hasActiveSignalFeedFilters"],"fullName":"hasActiveSignalFeedFilters returns true when any dimension is set","status":"passed","title":"returns true when any dimension is set","duration":0.055374999999997954,"failureMessages":[],"meta":{},"tags":[]},{"ancestorTitles":["appendSignalFeedFiltersToSearchParams"],"fullName":"appendSignalFeedFiltersToSearchParams serializes normalized filters as CSV query params","status":"passed","title":"serializes normalized filters as CSV query params","duration":0.12487500000000296,"failureMessages":[],"meta":{},"tags":[]},{"ancestorTitles":["appendSignalFeedFiltersToSearchParams"],"fullName":"appendSignalFeedFiltersToSearchParams serializes canceled status filter","status":"passed","title":"serializes canceled status filter","duration":0.05608300000000099,"failureMessages":[],"meta":{},"tags":[]},{"ancestorTitles":["formatStatusFilterSummary"],"fullName":"formatStatusFilterSummary formats empty and single selections","status":"passed","title":"formats empty and single selections","duration":0.10958299999998644,"failureMessages":[],"meta":{},"tags":[]},{"ancestorTitles":["formatClassificationFilterSummary"],"fullName":"formatClassificationFilterSummary formats empty, single, few, and many selections","status":"passed","title":"formats empty, single, few, and many selections","duration":0.2487079999999935,"failureMessages":[],"meta":{},"tags":[]}],"startTime":1784103820940,"endTime":1784103820942.2488,"status":"passed","message":"","name":"/Users/leobsn/Desktop/houston_project/apps/web/src/features/signals/lib/signal-feed-filters.test.ts"},{"assertionResults":[{"ancestorTitles":["rollbackWebPushRegistration"],"fullName":"rollbackWebPushRegistration revokes server subscription and unsubscribes locally","status":"passed","title":"revokes server subscription and unsubscribes locally","duration":2.5395419999999973,"failureMessages":[],"meta":{},"tags":[]},{"ancestorTitles":["rollbackWebPushRegistration"],"fullName":"rollbackWebPushRegistration does not throw when cleanup operations fail","status":"passed","title":"does not throw when cleanup operations fail","duration":0.6903750000000031,"failureMessages":[],"meta":{},"tags":[]}],"startTime":1784103820781,"endTime":1784103820784.6904,"status":"passed","message":"","name":"/Users/leobsn/Desktop/houston_project/apps/web/src/features/push/lib/subscription.test.ts"},{"assertionResults":[{"ancestorTitles":["resolvePushToggleState"],"fullName":"resolvePushToggleState returns ios_not_installed before unsupported on iOS Safari","status":"passed","title":"returns ios_not_installed before unsupported on iOS Safari","duration":0.7418750000000074,"failureMessages":[],"meta":{},"tags":[]},{"ancestorTitles":["resolvePushToggleState"],"fullName":"resolvePushToggleState returns unsupported when APIs are missing outside iOS non-PWA","status":"passed","title":"returns unsupported when APIs are missing outside iOS non-PWA","duration":0.08370800000000145,"failureMessages":[],"meta":{},"tags":[]},{"ancestorTitles":["resolvePushToggleState"],"fullName":"resolvePushToggleState returns permission_denied when browser permission is denied","status":"passed","title":"returns permission_denied when browser permission is denied","duration":0.07141599999999926,"failureMessages":[],"meta":{},"tags":[]},{"ancestorTitles":["resolvePushToggleState"],"fullName":"resolvePushToggleState returns enabled only when push_enabled, permission granted, and local subscription exist","status":"passed","title":"returns enabled only when push_enabled, permission granted, and local subscription exist","duration":0.09300000000000352,"failureMessages":[],"meta":{},"tags":[]},{"ancestorTitles":["resolvePushToggleState"],"fullName":"resolvePushToggleState returns disabled for default permission without local subscription","status":"passed","title":"returns disabled for default permission without local subscription","duration":0.05808399999999381,"failureMessages":[],"meta":{},"tags":[]},{"ancestorTitles":["getPushToggleMessage"],"fullName":"getPushToggleMessage returns explicit UX messages for blocked states","status":"passed","title":"returns explicit UX messages for blocked states","duration":0.16733399999999676,"failureMessages":[],"meta":{},"tags":[]}],"startTime":1784103821373,"endTime":1784103821375.1672,"status":"passed","message":"","name":"/Users/leobsn/Desktop/houston_project/apps/web/src/features/push/lib/support.test.ts"},{"assertionResults":[{"ancestorTitles":["TeamMemberRow"],"fullName":"TeamMemberRow shows scope badges for manager and staff members","status":"passed","title":"shows scope badges for manager and staff members","duration":38.315417000000025,"failureMessages":[],"meta":{},"tags":[]},{"ancestorTitles":["TeamMemberRow"],"fullName":"TeamMemberRow hides scope badges for owner and director members","status":"passed","title":"hides scope badges for owner and director members","duration":5.061916999999994,"failureMessages":[],"meta":{},"tags":[]}],"startTime":1784103817919,"endTime":1784103817962.062,"status":"passed","message":"","name":"/Users/leobsn/Desktop/houston_project/apps/web/src/features/auth/components/team/team-member-row.test.tsx"},{"assertionResults":[{"ancestorTitles":["PlanningDateTimeRow"],"fullName":"PlanningDateTimeRow initializes an empty time when the time pill is opened","status":"passed","title":"initializes an empty time when the time pill is opened","duration":29.63737500000002,"failureMessages":[],"meta":{},"tags":[]},{"ancestorTitles":["PlanningDateTimeRow"],"fullName":"PlanningDateTimeRow does not overwrite an existing time when reopening the picker","status":"passed","title":"does not overwrite an existing time when reopening the picker","duration":3.8115000000000236,"failureMessages":[],"meta":{},"tags":[]},{"ancestorTitles":["PlanningDateTimeRow"],"fullName":"PlanningDateTimeRow hides date pill when hideDate is enabled","status":"passed","title":"hides date pill when hideDate is enabled","duration":1.6502080000000205,"failureMessages":[],"meta":{},"tags":[]}],"startTime":1784103818039,"endTime":1784103818074.6501,"status":"passed","message":"","name":"/Users/leobsn/Desktop/houston_project/apps/web/src/features/action-plans/components/planning/planning-date-time-row.test.tsx"},{"assertionResults":[{"ancestorTitles":["PlanningOptionRow"],"fullName":"PlanningOptionRow renders label and selected option label on one line","status":"passed","title":"renders label and selected option label on one line","duration":32.72270900000001,"failureMessages":[],"meta":{},"tags":[]},{"ancestorTitles":["PlanningOptionRow"],"fullName":"PlanningOptionRow opens and closes the inline picker when the pill is tapped","status":"passed","title":"opens and closes the inline picker when the pill is tapped","duration":96.60275000000001,"failureMessages":[],"meta":{},"tags":[]},{"ancestorTitles":["PlanningOptionRow"],"fullName":"PlanningOptionRow selects an option from the wheel","status":"passed","title":"selects an option from the wheel","duration":5.055333000000019,"failureMessages":[],"meta":{},"tags":[]},{"ancestorTitles":["PlanningOptionRow"],"fullName":"PlanningOptionRow renders read-only value when disabled","status":"passed","title":"renders read-only value when disabled","duration":3.423832999999945,"failureMessages":[],"meta":{},"tags":[]},{"ancestorTitles":["PlanningOptionRow"],"fullName":"PlanningOptionRow surfaces field errors under the row","status":"passed","title":"surfaces field errors under the row","duration":1.9428329999999505,"failureMessages":[],"meta":{},"tags":[]}],"startTime":1784103815439,"endTime":1784103815577.9429,"status":"passed","message":"","name":"/Users/leobsn/Desktop/houston_project/apps/web/src/features/action-plans/components/planning/planning-option-row.test.tsx"},{"assertionResults":[{"ancestorTitles":["WheelColumn"],"fullName":"WheelColumn does not call onChange on mount when value is empty","status":"passed","title":"does not call onChange on mount when value is empty","duration":43.854082999999946,"failureMessages":[],"meta":{},"tags":[]},{"ancestorTitles":["WheelColumn"],"fullName":"WheelColumn does not call onChange on mount when value is set to a non-first option","status":"passed","title":"does not call onChange on mount when value is set to a non-first option","duration":2.0866669999999203,"failureMessages":[],"meta":{},"tags":[]}],"startTime":1784103818957,"endTime":1784103819003.0867,"status":"passed","message":"","name":"/Users/leobsn/Desktop/houston_project/apps/web/src/features/action-plans/components/planning/planning-wheel-column.test.tsx"}]}